#
# There is insufficient memory for the Java Runtime Environment to continue.
# Native memory allocation (mmap) failed to map 264241152 bytes for G1 virtual space
# Possible reasons:
#   The system is out of physical RAM or swap space
#   The process is running with CompressedOops enabled, and the Java Heap may be blocking the growth of the native heap
# Possible solutions:
#   Reduce memory load on the system
#   Increase physical memory or swap space
#   Check if swap backing store is full
#   Decrease Java heap size (-Xmx/-Xms)
#   Decrease number of Java threads
#   Decrease Java thread stack sizes (-Xss)
#   Set larger code cache with -XX:ReservedCodeCacheSize=
#   JVM is running with Zero Based Compressed Oops mode in which the Java heap is
#     placed in the first 32GB address space. The Java Heap base address is the
#     maximum limit for the native heap growth. Please use -XX:HeapBaseMinAddress
#     to set the Java Heap base and to place the Java Heap above 32GB virtual address.
# This output file may be truncated or incomplete.
#
#  Out of Memory Error (os_windows.cpp:3829), pid=15416, tid=26896
#
# JRE version:  (17.0.8+7) (build )
# Java VM: OpenJDK 64-Bit Server VM (17.0.8+7-b1000.22, mixed mode, sharing, tiered, compressed oops, compressed class ptrs, g1 gc, windows-amd64)
# No core dump will be written. Minidumps are not enabled by default on client versions of Windows
#

---------------  S U M M A R Y ------------

Command Line: git4idea.http.GitAskPassApp Username for 'https://github.com': 

Host: 12th Gen Intel(R) Core(TM) i7-12700H, 20 cores, 15G,  Windows 11 , 64 bit Build 22621 (10.0.22621.4974)
Time: Tue Mar 18 04:31:53 2025  Windows 11 , 64 bit Build 22621 (10.0.22621.4974) elapsed time: 0.012559 seconds (0d 0h 0m 0s)

---------------  T H R E A D  ---------------

Current thread (0x000002530939f4b0):  JavaThread "Unknown thread" [_thread_in_vm, id=26896, stack(0x000000c99a600000,0x000000c99a700000)]

Stack: [0x000000c99a600000,0x000000c99a700000]
Native frames: (J=compiled Java code, j=interpreted, Vv=VM code, C=native code)
V  [jvm.dll+0x6852da]
V  [jvm.dll+0x844c84]
V  [jvm.dll+0x84659e]
V  [jvm.dll+0x846c03]
V  [jvm.dll+0x24b7cf]
V  [jvm.dll+0x682049]
V  [jvm.dll+0x67671a]
V  [jvm.dll+0x30be2b]
V  [jvm.dll+0x3132d6]
V  [jvm.dll+0x36302e]
V  [jvm.dll+0x36325f]
V  [jvm.dll+0x2e1f48]
V  [jvm.dll+0x2e2eb4]
V  [jvm.dll+0x815c11]
V  [jvm.dll+0x370df1]
V  [jvm.dll+0x7f4fdc]
V  [jvm.dll+0x3f3f1f]
V  [jvm.dll+0x3f5b31]
C  [jli.dll+0x528f]
C  [ucrtbase.dll+0x29333]
C  [KERNEL32.DLL+0x1259d]
C  [ntdll.dll+0x5af38]


---------------  P R O C E S S  ---------------

Threads class SMR info:
_java_thread_list=0x00007ffad5c60098, length=0, elements={
}

Java Threads: ( => current thread )

Other Threads:
  0x000002530940b960 GCTaskThread "GC Thread#0" [stack: 0x000000c99a700000,0x000000c99a800000] [id=25316]
  0x000002530941c470 ConcurrentGCThread "G1 Main Marker" [stack: 0x000000c99a800000,0x000000c99a900000] [id=24228]
  0x000002530941ce80 ConcurrentGCThread "G1 Conc#0" [stack: 0x000000c99a900000,0x000000c99aa00000] [id=11844]

[error occurred during error reporting (printing all threads), id 0xc0000005, EXCEPTION_ACCESS_VIOLATION (0xc0000005) at pc=0x00007ffad5412ab7]

VM state: not at safepoint (not fully initialized)

VM Mutex/Monitor currently owned by a thread:  ([mutex/lock_event])
[0x000002530939ab10] Heap_lock - owner thread: 0x000002530939f4b0

Heap address: 0x0000000704400000, size: 4028 MB, Compressed Oops mode: Zero based, Oop shift amount: 3

CDS archive(s) mapped at: [0x0000000000000000-0x0000000000000000-0x0000000000000000), size 0, SharedBaseAddress: 0x0000000800000000, ArchiveRelocationMode: 1.
Narrow klass base: 0x0000000000000000, Narrow klass shift: 0, Narrow klass range: 0x0

GC Precious Log:
<Empty>

Heap:
 garbage-first heap   total 0K, used 0K [0x0000000704400000, 0x0000000800000000)
  region size 2048K, 0 young (0K), 0 survivors (0K)
 Metaspace       used 0K, committed 0K, reserved 0K
  class space    used 0K, committed 0K, reserved 0K

Heap Regions: E=young(eden), S=young(survivor), O=old, HS=humongous(starts), HC=humongous(continues), CS=collection set, F=free, OA=open archive, CA=closed archive, TAMS=top-at-mark-start (previous, next)

Card table byte_map: [0x000002531cdc0000,0x000002531d5a0000] _byte_map_base: 0x000002531959e000

Marking Bits (Prev, Next): (CMBitMap*) 0x000002530940bf80, (CMBitMap*) 0x000002530940bfc0
 Prev Bits: [0x000002531dd80000, 0x0000025321c70000)
 Next Bits: [0x0000025321c70000, 0x0000025325b60000)

GC Heap History (0 events):
No events

Dll operation events (1 events):
Event: 0.008 Loaded shared library C:\Program Files\JetBrains\IntelliJ IDEA 2023.2.2\jbr\bin\java.dll

Deoptimization events (0 events):
No events

Classes unloaded (0 events):
No events

Classes redefined (0 events):
No events

Internal exceptions (0 events):
No events

VM Operations (0 events):
No events

Events (0 events):
No events


Dynamic libraries:
0x00007ff60f220000 - 0x00007ff60f22a000 	C:\Program Files\JetBrains\IntelliJ IDEA 2023.2.2\jbr\bin\java.exe
0x00007ffbfaf30000 - 0x00007ffbfb147000 	C:\windows\SYSTEM32\ntdll.dll
0x00007ffbf9ee0000 - 0x00007ffbf9fa4000 	C:\windows\System32\KERNEL32.DLL
0x00007ffbf8350000 - 0x00007ffbf8721000 	C:\windows\System32\KERNELBASE.dll
0x00007ffbf8a40000 - 0x00007ffbf8b51000 	C:\windows\System32\ucrtbase.dll
0x00007ffbc8280000 - 0x00007ffbc8297000 	C:\Program Files\JetBrains\IntelliJ IDEA 2023.2.2\jbr\bin\jli.dll
0x00007ffbcc230000 - 0x00007ffbcc24b000 	C:\Program Files\JetBrains\IntelliJ IDEA 2023.2.2\jbr\bin\VCRUNTIME140.dll
0x00007ffbfaa90000 - 0x00007ffbfac41000 	C:\windows\System32\USER32.dll
0x00007ffbf8730000 - 0x00007ffbf8756000 	C:\windows\System32\win32u.dll
0x00007ffbfacb0000 - 0x00007ffbfacd9000 	C:\windows\System32\GDI32.dll
0x00007ffbf8230000 - 0x00007ffbf834b000 	C:\windows\System32\gdi32full.dll
0x00007ffbe38e0000 - 0x00007ffbe3b72000 	C:\windows\WinSxS\amd64_microsoft.windows.common-controls_6595b64144ccf1df_6.0.22621.4830_none_270fe7d773858e80\COMCTL32.dll
0x00007ffbf8b60000 - 0x00007ffbf8bfa000 	C:\windows\System32\msvcp_win.dll
0x00007ffbf8c00000 - 0x00007ffbf8ca7000 	C:\windows\System32\msvcrt.dll
0x00007ffbface0000 - 0x00007ffbfad11000 	C:\windows\System32\IMM32.DLL
0x00007ffbeee90000 - 0x00007ffbeee9c000 	C:\Program Files\JetBrains\IntelliJ IDEA 2023.2.2\jbr\bin\vcruntime140_1.dll
0x00007ffbc8940000 - 0x00007ffbc89cd000 	C:\Program Files\JetBrains\IntelliJ IDEA 2023.2.2\jbr\bin\msvcp140.dll
0x00007ffad5120000 - 0x00007ffad5da3000 	C:\Program Files\JetBrains\IntelliJ IDEA 2023.2.2\jbr\bin\server\jvm.dll
0x00007ffbfae30000 - 0x00007ffbfaee1000 	C:\windows\System32\ADVAPI32.dll
0x00007ffbf9910000 - 0x00007ffbf99b7000 	C:\windows\System32\sechost.dll
0x00007ffbf8a10000 - 0x00007ffbf8a38000 	C:\windows\System32\bcrypt.dll
0x00007ffbf9b50000 - 0x00007ffbf9c64000 	C:\windows\System32\RPCRT4.dll
0x00007ffbf6ee0000 - 0x00007ffbf6f2d000 	C:\windows\SYSTEM32\POWRPROF.dll
0x00007ffbd4a70000 - 0x00007ffbd4a79000 	C:\windows\SYSTEM32\WSOCK32.dll
0x00007ffbf4da0000 - 0x00007ffbf4dd4000 	C:\windows\SYSTEM32\WINMM.dll
0x00007ffbeeea0000 - 0x00007ffbeeeaa000 	C:\windows\SYSTEM32\VERSION.dll
0x00007ffbf99c0000 - 0x00007ffbf9a31000 	C:\windows\System32\WS2_32.dll
0x00007ffbf6ec0000 - 0x00007ffbf6ed3000 	C:\windows\SYSTEM32\UMPDC.dll
0x00007ffbf7180000 - 0x00007ffbf7198000 	C:\windows\SYSTEM32\kernel.appcore.dll
0x00007ffbf0ed0000 - 0x00007ffbf0eda000 	C:\Program Files\JetBrains\IntelliJ IDEA 2023.2.2\jbr\bin\jimage.dll
0x00007ffbf5550000 - 0x00007ffbf5782000 	C:\windows\SYSTEM32\DBGHELP.DLL
0x00007ffbf9580000 - 0x00007ffbf9910000 	C:\windows\System32\combase.dll
0x00007ffbf9ff0000 - 0x00007ffbfa0c7000 	C:\windows\System32\OLEAUT32.dll
0x00007ffbe75e0000 - 0x00007ffbe7612000 	C:\windows\SYSTEM32\dbgcore.DLL
0x00007ffbf8990000 - 0x00007ffbf8a0b000 	C:\windows\System32\bcryptPrimitives.dll
0x00007ffbe71c0000 - 0x00007ffbe71e5000 	C:\Program Files\JetBrains\IntelliJ IDEA 2023.2.2\jbr\bin\java.dll

dbghelp: loaded successfully - version: 4.0.5 - missing functions: none
symbol engine: initialized successfully - sym options: 0x614 - pdb path: .;C:\Program Files\JetBrains\IntelliJ IDEA 2023.2.2\jbr\bin;C:\windows\SYSTEM32;C:\windows\WinSxS\amd64_microsoft.windows.common-controls_6595b64144ccf1df_6.0.22621.4830_none_270fe7d773858e80;C:\Program Files\JetBrains\IntelliJ IDEA 2023.2.2\jbr\bin\server

VM Arguments:
java_command: git4idea.http.GitAskPassApp Username for 'https://github.com': 
java_class_path (initial): C:/Program Files/JetBrains/IntelliJ IDEA 2023.2.2/plugins/vcs-git/lib/git4idea-rt.jar;C:/Program Files/JetBrains/IntelliJ IDEA 2023.2.2/lib/externalProcess-rt.jar
Launcher Type: SUN_STANDARD

[Global flags]
     intx CICompilerCount                          = 12                                        {product} {ergonomic}
     uint ConcGCThreads                            = 4                                         {product} {ergonomic}
     uint G1ConcRefinementThreads                  = 15                                        {product} {ergonomic}
   size_t G1HeapRegionSize                         = 2097152                                   {product} {ergonomic}
    uintx GCDrainStackTargetSize                   = 64                                        {product} {ergonomic}
   size_t InitialHeapSize                          = 264241152                                 {product} {ergonomic}
   size_t MarkStackSize                            = 4194304                                   {product} {ergonomic}
   size_t MaxHeapSize                              = 4223664128                                {product} {ergonomic}
   size_t MinHeapDeltaBytes                        = 2097152                                   {product} {ergonomic}
   size_t MinHeapSize                              = 8388608                                   {product} {ergonomic}
    uintx NonNMethodCodeHeapSize                   = 7602480                                {pd product} {ergonomic}
    uintx NonProfiledCodeHeapSize                  = 122027880                              {pd product} {ergonomic}
    uintx ProfiledCodeHeapSize                     = 122027880                              {pd product} {ergonomic}
    uintx ReservedCodeCacheSize                    = 251658240                              {pd product} {ergonomic}
     bool SegmentedCodeCache                       = true                                      {product} {ergonomic}
   size_t SoftMaxHeapSize                          = 4223664128                             {manageable} {ergonomic}
     bool UseCompressedClassPointers               = true                           {product lp64_product} {ergonomic}
     bool UseCompressedOops                        = true                           {product lp64_product} {ergonomic}
     bool UseG1GC                                  = true                                      {product} {ergonomic}
     bool UseLargePagesIndividualAllocation        = false                                  {pd product} {ergonomic}

Logging:
Log output configuration:
 #0: stdout all=warning uptime,level,tags
 #1: stderr all=off uptime,level,tags

Environment Variables:
PATH=C:\Program Files\Git\mingw64\libexec\git-core;C:\Program Files\Git\mingw64\libexec\git-core;C:\Program Files\Git\mingw64\bin;C:\Program Files\Git\usr\bin;C:\Users\Think\bin;C:\Program Files\NVIDIA GPU Computing Toolkit\CUDA\v12.0\bin;C:\Program Files\NVIDIA GPU Computing Toolkit\CUDA\v12.0\libnvvp;C:\Program Files (x86)\Common Files\Oracle\Java\javapath;C:\Windows\system32;C:\Windows;C:\Windows\System32\Wbem;C:\Windows\System32\WindowsPowerShell\v1.0;C:\Windows\System32\OpenSSH;C:\Program Files\dotnet;C:\Program Files (x86)\Windows Kits\10\Windows Performance Toolkit;C:\Program Files\NVIDIA Corporation\Nsight Compute 2022.4.1;C:\Program Files (x86)\NVIDIA Corporation\PhysX\Common;C:\Program Files\NVIDIA Corporation\NVIDIA NvDLISR;C:\Program Files\NVIDIA GPU Computing Toolkit\CUDA\v12.0\lib;C:\Program Files\NVIDIA GPU Computing Toolkit\CUDA\v12.0\include;C:\Program Files\Bandizip;C:\Program Files\Amazon\AWSCLIV2;C:\Program Files\Git\cmd;C:\Users\Think\Anaconda;C:\Users\Think\Anaconda\Library\mingw-w64\bin;C:\Users\Think\Anaconda\Library\usr\bin;C:\Users\Think\Anaconda\Library\bin;C:\Users\Think\Anaconda\Scripts;C:\Users\Think\AppData\Local\Programs\Python\Python312\Scripts;C:\Users\Think\AppData\Local\Programs\Python\Python312;C:\Users\Think\AppData\Local\Programs\Python\Launcher;C:\Users\Think\AppData\Local\Microsoft\WindowsApps;C:\Users\Think\.dotnet\tools;C:\Program Files\JetBrains\PyCharm 2023.3.2\bin;C:\Users\Think\AppData\Local\GitHubDesktop\bin
USERNAME=Think
DISPLAY=:0.0
LC_ALL=en_US.UTF-8
TERM=xterm-256color
TMPDIR=C:\Users\Think\AppData\Local\Temp
OS=Windows_NT
PROCESSOR_IDENTIFIER=Intel64 Family 6 Model 154 Stepping 3, GenuineIntel
TMP=C:\Users\Think\AppData\Local\Temp
TEMP=C:\Users\Think\AppData\Local\Temp


JNI global refs:
JNI global refs: 0, weak refs: 0

JNI global refs memory usage: 0, weak refs: 0

OOME stack traces (most recent first):
Classloader memory used:


---------------  S Y S T E M  ---------------

OS:
 Windows 11 , 64 bit Build 22621 (10.0.22621.4974)
OS uptime: 0 days 5:16 hours
Hyper-V role detected

CPU: total 20 (initial active 20) (10 cores per cpu, 2 threads per core) family 6 model 154 stepping 3 microcode 0x41c, cx8, cmov, fxsr, ht, mmx, 3dnowpref, sse, sse2, sse3, ssse3, sse4.1, sse4.2, popcnt, lzcnt, tsc, tscinvbit, avx, avx2, aes, erms, clmul, bmi1, bmi2, adx, sha, fma, vzeroupper, clflush, clflushopt, clwb, hv
Processor Information for processor 0
  Max Mhz: 2300, Current Mhz: 2300, Mhz Limit: 2300
Processor Information for processor 1
  Max Mhz: 2300, Current Mhz: 2300, Mhz Limit: 2300
Processor Information for processor 2
  Max Mhz: 2300, Current Mhz: 2300, Mhz Limit: 2300
Processor Information for processor 3
  Max Mhz: 2300, Current Mhz: 2300, Mhz Limit: 2300
Processor Information for processor 4
  Max Mhz: 2300, Current Mhz: 2300, Mhz Limit: 2300
Processor Information for processor 5
  Max Mhz: 2300, Current Mhz: 2300, Mhz Limit: 2300
Processor Information for processor 6
  Max Mhz: 2300, Current Mhz: 2300, Mhz Limit: 2300
Processor Information for processor 7
  Max Mhz: 2300, Current Mhz: 2300, Mhz Limit: 2300
Processor Information for processor 8
  Max Mhz: 2300, Current Mhz: 2300, Mhz Limit: 2300
Processor Information for processor 9
  Max Mhz: 2300, Current Mhz: 2300, Mhz Limit: 2300
Processor Information for processor 10
  Max Mhz: 2300, Current Mhz: 2300, Mhz Limit: 2300
Processor Information for processor 11
  Max Mhz: 2300, Current Mhz: 2300, Mhz Limit: 2300
Processor Information for processor 12
  Max Mhz: 2300, Current Mhz: 1700, Mhz Limit: 1679
Processor Information for processor 13
  Max Mhz: 2300, Current Mhz: 1700, Mhz Limit: 1679
Processor Information for processor 14
  Max Mhz: 2300, Current Mhz: 1700, Mhz Limit: 1679
Processor Information for processor 15
  Max Mhz: 2300, Current Mhz: 1700, Mhz Limit: 1679
Processor Information for processor 16
  Max Mhz: 2300, Current Mhz: 1700, Mhz Limit: 1679
Processor Information for processor 17
  Max Mhz: 2300, Current Mhz: 1700, Mhz Limit: 1679
Processor Information for processor 18
  Max Mhz: 2300, Current Mhz: 1700, Mhz Limit: 1679
Processor Information for processor 19
  Max Mhz: 2300, Current Mhz: 1700, Mhz Limit: 1679

Memory: 4k page, system-wide physical 16108M (1081M free)
TotalPageFile size 26108M (AvailPageFile size 249M)
current process WorkingSet (physical memory assigned to process): 11M, peak: 11M
current process commit charge ("private bytes"): 75M, peak: 327M

vm_info: OpenJDK 64-Bit Server VM (17.0.8+7-b1000.22) for windows-amd64 JRE (17.0.8+7-b1000.22), built on 2023-09-02 by "builduser" with MS VC++ 16.10 / 16.11 (VS2019)

END.
